d:\kurs2021\saa-2021\saa-2021ans\debug\vc142.pdb
d:\kurs2021\saa-2021\saa-2021ans\debug\vc142.idb
d:\kurs2021\saa-2021\saa-2021ans\debug\semantic.obj
d:\kurs2021\saa-2021\saa-2021ans\debug\parm.obj
d:\kurs2021\saa-2021\saa-2021ans\debug\out.obj
d:\kurs2021\saa-2021\saa-2021ans\debug\notaciapolska.obj
d:\kurs2021\saa-2021\saa-2021ans\debug\mfst.obj
d:\kurs2021\saa-2021\saa-2021ans\debug\lt.obj
d:\kurs2021\saa-2021\saa-2021ans\debug\log.obj
d:\kurs2021\saa-2021\saa-2021ans\debug\it.obj
d:\kurs2021\saa-2021\saa-2021ans\debug\in.obj
d:\kurs2021\saa-2021\saa-2021ans\debug\saa-2021.obj
d:\kurs2021\saa-2021\saa-2021ans\debug\grb.obj
d:\kurs2021\saa-2021\saa-2021ans\debug\fst.obj
d:\kurs2021\saa-2021\saa-2021ans\debug\error.obj
d:\kurs2021\saa-2021\saa-2021ans\debug\codegeneration.obj
d:\kurs2021\saa-2021\debug\saa-2021ans.exe
d:\kurs2021\saa-2021\saa-2021ans\debug\saa-2021ans.ilk
d:\kurs2021\saa-2021\debug\saa-2021ans.pdb
d:\kurs2021\saa-2021\saa-2021ans\debug\saa-2021ans.tlog\cl.command.1.tlog
d:\kurs2021\saa-2021\saa-2021ans\debug\saa-2021ans.tlog\cl.read.1.tlog
d:\kurs2021\saa-2021\saa-2021ans\debug\saa-2021ans.tlog\cl.write.1.tlog
d:\kurs2021\saa-2021\saa-2021ans\debug\saa-2021ans.tlog\link.command.1.tlog
d:\kurs2021\saa-2021\saa-2021ans\debug\saa-2021ans.tlog\link.read.1.tlog
d:\kurs2021\saa-2021\saa-2021ans\debug\saa-2021ans.tlog\link.write.1.tlog
